--------------- Clean Started: 07/09/2013 15:20:43 Project: SDCard_Demo, Configuration: ARM GCC 4.4.1 Debug ---------------
Deleting file ".\CortexM0\ARM_GCC_441\Debug\main.o"
Deleting file ".\CortexM0\ARM_GCC_441\Debug\SDCard_SPI.o"
Deleting file ".\CortexM0\ARM_GCC_441\Debug\SDCard_FS.o"
Deleting file ".\CortexM0\ARM_GCC_441\Debug\SDCard_SPIM.o"
Deleting file ".\CortexM0\ARM_GCC_441\Debug\SDCard_SPIM_SPI_UART.o"
Deleting file ".\CortexM0\ARM_GCC_441\Debug\SDCard_SPIM_SPI_UART_INT.o"
Deleting file ".\CortexM0\ARM_GCC_441\Debug\SDCard_SPIM_PM.o"
Deleting file ".\CortexM0\ARM_GCC_441\Debug\SDCard_SPIM_SPI.o"
Deleting file ".\CortexM0\ARM_GCC_441\Debug\SDCard_SPIM_BOOT.o"
Deleting file ".\CortexM0\ARM_GCC_441\Debug\SDCard_SPIM_SPI_BOOT.o"
Deleting file ".\CortexM0\ARM_GCC_441\Debug\SDCard_SD_Clock.o"
Deleting file ".\CortexM0\ARM_GCC_441\Debug\SDCard_SD_PWR.o"
Deleting file ".\CortexM0\ARM_GCC_441\Debug\SDCard_SD_CS.o"
Deleting file ".\CortexM0\ARM_GCC_441\Debug\SDCard_SD_WP.o"
Deleting file ".\CortexM0\ARM_GCC_441\Debug\SDCard_SD_CD.o"
Deleting file ".\CortexM0\ARM_GCC_441\Debug\SDCard_SPIM_SCB_IRQ.o"
Deleting file ".\CortexM0\ARM_GCC_441\Debug\SDCard_SPIM_ss0_m.o"
Deleting file ".\CortexM0\ARM_GCC_441\Debug\SDCard_SPIM_mosi_m.o"
Deleting file ".\CortexM0\ARM_GCC_441\Debug\SDCard_SPIM_miso_m.o"
Deleting file ".\CortexM0\ARM_GCC_441\Debug\SDCard_SPIM_sclk_m.o"
Deleting file ".\CortexM0\ARM_GCC_441\Debug\Cm0Start.o"
Deleting file ".\CortexM0\ARM_GCC_441\Debug\core_cm0.o"
Deleting file ".\CortexM0\ARM_GCC_441\Debug\CyBootAsmGnu.o"
Deleting file ".\CortexM0\ARM_GCC_441\Debug\CyFlash.o"
Deleting file ".\CortexM0\ARM_GCC_441\Debug\CyLib.o"
Deleting file ".\CortexM0\ARM_GCC_441\Debug\cyPm.o"
Deleting file ".\CortexM0\ARM_GCC_441\Debug\cyutils.o"
Deleting file ".\CortexM0\ARM_GCC_441\Debug\cyfitter_cfg.o"
Deleting file ".\CortexM0\ARM_GCC_441\Debug\SDCard_Demo.hex"
Deleting file ".\CortexM0\ARM_GCC_441\Debug\SDCard_Demo.elf"
Deleting file ".\CortexM0\ARM_GCC_441\Debug\SDCard_Demo.map"
Deleting file ".\SDCard_Demo.cycdx"
Deleting file ".\SDCard_Demo.svd"
Deleting file ".\SDCard_Demo.rpt"
Deleting file ".\SDCard_Demo_timing.html"
Deleting file ".\CortexM0\ARM_GCC_441\Debug\.deps\C_FILE.P"
Deleting file ".\CortexM0\ARM_GCC_441\Debug\.deps\ARM_C_FILE.P"
Deleting file ".\CortexM0\ARM_GCC_441\Debug\.deps\GNU_ARM_ASM_FILE.P"
--------------- Clean Succeeded: 07/09/2013 15:20:44 ---------------
